## 2024 
\publishedarticle{1}{More global randomness from less random local gates}{Ryotaro Suzuki, Hosho Katsura, Yosuke Mitsuhashi, Tomohiro Soejima, Jens Eisert, Nobuyuki Yoshioka}{2410.24127}{}
\publishedarticle{2}{Anyon Superconductivity from Topological Criticality in a  Hofstadter-Hubbard Model}{Stefan Divic, Valentin Crépel, Tomohiro Soejima, Xue-Yang Song, Andrew Millis, Michael P. Zaletel, Ashvin Vishwanath}{2410.18175}{}
\publishedarticle{3}{Characterization of Randomness in Quantum Circuits of Continuous Gate  Sets}{Yosuke Mitsuhashi, Ryotaro Suzuki, Tomohiro Soejima, Nobuyuki Yoshioka}{2408.13475}{}
\publishedarticle{4}{Unitary Designs of Symmetric Local Random Circuits}{Yosuke Mitsuhashi, Ryotaro Suzuki, Tomohiro Soejima, Nobuyuki Yoshioka}{2408.13472}{}
\publishedarticle{5}{Chiral Spin Liquid and Quantum Phase Transition in the Triangular  Lattice Hofstadter-Hubbard Model}{Stefan Divic, Tomohiro Soejima, Valentin Crépel, Michael P. Zaletel, Andrew Millis}{2406.15348}{}
\publishedarticle{6}{Rigorous lower bound of dynamic critical exponents in critical  frustration-free systems}{Rintaro Masaoka, Tomohiro Soejima, Haruki Watanabe}{2406.06415}{}
\publishedarticle{7}{Quadratic dispersion relations in gapless frustration-free systems}{Rintaro Masaoka, Tomohiro Soejima, Haruki Watanabe}{2406.06414}{Phys. Rev. B 110, 195140 (2024)}
\publishedarticle{8}{Higher Hall conductivity from a single wave function: Obstructions to  symmetry-preserving gapped edge of (2+1)D topological order}{Ryohei Kobayashi, Taige Wang, Tomohiro Soejima, Roger S. K. Mong, Shinsei Ryu}{2404.10814}{}
\publishedarticle{9}{Anomalous Hall Crystals in Rhombohedral Multilayer Graphene II: General  Mechanism and a Minimal Model}{Tomohiro Soejima, Junkai Dong, Taige Wang, Tianle Wang, Michael P. Zaletel, Ashvin Vishwanath, Daniel E. Parker}{2403.05522}{}
## 2023 
\publishedarticle{10}{Anomalous Hall Crystals in Rhombohedral Multilayer Graphene I:  Interaction-Driven Chern Bands and Fractional Quantum Hall States at Zero  Magnetic Field}{Junkai Dong, Taige Wang, Tianle Wang, Tomohiro Soejima, Michael P. Zaletel, Ashvin Vishwanath, Daniel E. Parker}{2311.05568}{Phys. Rev. Lett. 133, 206503 (2024)}
\publishedarticle{11}{Superconductivity in a Topological Lattice Model with Strong Repulsion}{Rahul Sahay, Stefan Divic, Daniel E. Parker, Tomohiro Soejima, Sajant Anand, Johannes Hauschild, Monika Aidelsburger, Ashvin Vishwanath, Shubhayu Chatterjee, Norman Y. Yao, Michael P. Zaletel}{2308.10935}{Phys. Rev. B 110, 195126 (2024)}
\publishedarticle{12}{Extracting higher central charge from a single wave function}{Ryohei Kobayashi, Taige Wang, Tomohiro Soejima, Roger S. K. Mong, Shinsei Ryu}{2303.04822}{Phys. Rev. Lett. 132 (2024) 016602}
\publishedarticle{13}{Quantum textures of the many-body wavefunctions in magic-angle graphene}{Kevin P. Nuckolls, Ryan L. Lee, Myungchul Oh, Dillon Wong, Tomohiro Soejima, Jung Pyo Hong, Dumitru Călugăru, Jonah Herzog-Arbeitman, B. Andrei Bernevig, Kenji Watanabe, Takashi Taniguchi, Nicolas Regnault, Michael P. Zaletel, Ali Yazdani}{2303.00024}{Nature 620, 525-532 (2023)}
## 2022 
\publishedarticle{14}{Interacting models for twisted bilayer graphene: a quantum chemistry  approach}{Fabian M. Faulstich, Kevin D. Stubbs, Qinyi Zhu, Tomohiro Soejima, Rohit Dilip, Huanchen Zhai, Raehyun Kim, Michael P. Zaletel, Garnet Kin-Lic Chan, Lin Lin}{2211.09243}{}
\publishedarticle{15}{Kekulé spiral order in magic-angle graphene: a density matrix  renormalization group study}{Tianle Wang, Daniel E. Parker, Tomohiro Soejima, Johannes Hauschild, Sajant Anand, Nick Bultinck, Michael P. Zaletel}{2211.02693}{Phys. Rev. B 108, 235128 (2023)}
## 2021 
\publishedarticle{16}{Detecting symmetry breaking in magic angle graphene using scanning  tunneling microscopy}{Jung Pyo Hong, Tomohiro Soejima, Michael P. Zaletel}{2110.14674}{}
\publishedarticle{17}{A universal tripartite entanglement signature of ungappable edge states}{Karthik Siva, Yijian Zou, Tomohiro Soejima, Roger S.K. Mong, Michael P. Zaletel}{2110.11965}{}
\publishedarticle{18}{Kekulé spiral order at all nonzero integer fillings in twisted bilayer  graphene}{Yves H. Kwan, Glenn Wagner, Tomohiro Soejima, Michael P. Zaletel, Steven H. Simon, Siddharth A. Parameswaran, Nick Bultinck}{2105.05857}{Phys. Rev. X 11, 041063 (2021)}
\publishedarticle{19}{Topological charge density waves at half-integer filling of a moiré  superlattice}{Hryhoriy Polshyn, Yuxuan Zhang, Manish A. Kumar, Tomohiro Soejima, Patrick Ledwith, Kenji Watanabe, Takashi Taniguchi, Ashvin Vishwanath, Michael P. Zaletel, Andrea F. Young}{2104.01178}{}
## 2020 
\publishedarticle{20}{Strain-induced quantum phase transitions in magic angle graphene}{Daniel E. Parker, Tomohiro Soejima, Johannes Hauschild, Michael P. Zaletel, Nick Bultinck}{2012.09885}{Phys. Rev. Lett. 127, 027601 (2021)}
\publishedarticle{21}{Universal tripartite entanglement in one-dimensional many-body systems}{Yijian Zou, Karthik Siva, Tomohiro Soejima, Roger S.K. Mong, Michael P. Zaletel}{2011.11864}{Phys. Rev. Lett. 126, 120501 (2021)}
\publishedarticle{22}{Efficient simulation of moire materials using the density matrix  renormalization group}{Tomohiro Soejima, Daniel E. Parker, Nick Bultinck, Johannes Hauschild, Michael P. Zaletel}{2009.02354}{Phys. Rev. B 102, 205111 (2020)}
## 2019 
\publishedarticle{23}{Isometric Tensor Network representation of string-net liquids}{Tomohiro Soejima, Karthik Siva, Nick Bultinck, Shubhayu Chatterjee, Frank Pollmann, Michael P. Zaletel}{1908.07545}{Phys. Rev. B 101, 085117 (2020)}
## 2015 
\publishedarticle{24}{First-Principles Design of a Half-Filled Flat Band of the Kagome Lattice  in Two-Dimensional Metal-Organic Frameworks}{Masahiko G. Yamada, Tomohiro Soejima, Naoto Tsuji, Daisuke Hirai, Mircea Dincă, Hideo Aoki}{1510.00164}{Phys. Rev. B 94, 081102(R) (2016)}

